2023-09-15T05:38:56+00:00 CRITICAL Uncaught MailPoet\InvalidStateException: MailPoet version update is in progress, please refresh the page in a minute. in /var/www/html/woocommerce/wp-content/plugins/mailpoet/lib/Config/Activator.php:65
Stack trace:
#0 /var/www/html/woocommerce/wp-content/plugins/mailpoet/lib/Config/Initializer.php(399): MailPoet\Config\Activator->activate()
#1 /var/www/html/woocommerce/wp-includes/class-wp-hook.php(310): MailPoet\Config\Initializer->maybeRunActivator()
#2 /var/www/html/woocommerce/wp-includes/class-wp-hook.php(334): WP_Hook->apply_filters()
#3 /var/www/html/woocommerce/wp-includes/plugin.php(517): WP_Hook->do_action()
#4 /var/www/html/woocommerce/wp-settings.php(632): do_action()
#5 /var/www/html/woocommerce/wp-config.php(96): require_once('...')
#6 /var/www/html/woocommerce/wp-load.php(50): require_once('...')
#7 /var/www/html/woocommerce/wp-blog-header.php(13): require_once('...')
#8 /var/www/html/woocommerce/index.php(17): require('...')
#9 {main}
  thrown in /var/www/html/woocommerce/wp-content/plugins/mailpoet/lib/Config/Activator.php on line 65

2023-09-15T05:38:57+00:00 CRITICAL Uncaught MailPoet\InvalidStateException: MailPoet version update is in progress, please refresh the page in a minute. in /var/www/html/woocommerce/wp-content/plugins/mailpoet/lib/Config/Activator.php:65
Stack trace:
#0 /var/www/html/woocommerce/wp-content/plugins/mailpoet/lib/Config/Initializer.php(399): MailPoet\Config\Activator->activate()
#1 /var/www/html/woocommerce/wp-includes/class-wp-hook.php(310): MailPoet\Config\Initializer->maybeRunActivator()
#2 /var/www/html/woocommerce/wp-includes/class-wp-hook.php(334): WP_Hook->apply_filters()
#3 /var/www/html/woocommerce/wp-includes/plugin.php(517): WP_Hook->do_action()
#4 /var/www/html/woocommerce/wp-settings.php(632): do_action()
#5 /var/www/html/woocommerce/wp-config.php(96): require_once('...')
#6 /var/www/html/woocommerce/wp-load.php(50): require_once('...')
#7 /var/www/html/woocommerce/wp-blog-header.php(13): require_once('...')
#8 /var/www/html/woocommerce/index.php(17): require('...')
#9 {main}
  thrown in /var/www/html/woocommerce/wp-content/plugins/mailpoet/lib/Config/Activator.php on line 65

2023-09-15T05:38:57+00:00 CRITICAL Uncaught MailPoet\InvalidStateException: MailPoet version update is in progress, please refresh the page in a minute. in /var/www/html/woocommerce/wp-content/plugins/mailpoet/lib/Config/Activator.php:65
Stack trace:
#0 /var/www/html/woocommerce/wp-content/plugins/mailpoet/lib/Config/Initializer.php(399): MailPoet\Config\Activator->activate()
#1 /var/www/html/woocommerce/wp-includes/class-wp-hook.php(310): MailPoet\Config\Initializer->maybeRunActivator()
#2 /var/www/html/woocommerce/wp-includes/class-wp-hook.php(334): WP_Hook->apply_filters()
#3 /var/www/html/woocommerce/wp-includes/plugin.php(517): WP_Hook->do_action()
#4 /var/www/html/woocommerce/wp-settings.php(632): do_action()
#5 /var/www/html/woocommerce/wp-config.php(96): require_once('...')
#6 /var/www/html/woocommerce/wp-load.php(50): require_once('...')
#7 /var/www/html/woocommerce/wp-blog-header.php(13): require_once('...')
#8 /var/www/html/woocommerce/index.php(17): require('...')
#9 {main}
  thrown in /var/www/html/woocommerce/wp-content/plugins/mailpoet/lib/Config/Activator.php on line 65

2023-09-15T07:31:14+00:00 CRITICAL Uncaught ArgumentCountError: Too few arguments to function add_menu_page(), 3 passed in /var/www/html/woocommerce/wp-content/themes/Ecommerce/functions.php on line 275 and at least 4 expected in /var/www/html/woocommerce/wp-admin/includes/plugin.php:1309
Stack trace:
#0 /var/www/html/woocommerce/wp-content/themes/Ecommerce/functions.php(275): add_menu_page()
#1 /var/www/html/woocommerce/wp-includes/class-wp-hook.php(310): custom_menu_page()
#2 /var/www/html/woocommerce/wp-includes/class-wp-hook.php(334): WP_Hook->apply_filters()
#3 /var/www/html/woocommerce/wp-includes/plugin.php(517): WP_Hook->do_action()
#4 /var/www/html/woocommerce/wp-admin/includes/menu.php(161): do_action()
#5 /var/www/html/woocommerce/wp-admin/menu.php(420): require_once('...')
#6 /var/www/html/woocommerce/wp-admin/admin.php(158): require('...')
#7 /var/www/html/woocommerce/wp-admin/edit.php(10): require_once('...')
#8 {main}
  thrown in /var/www/html/woocommerce/wp-admin/includes/plugin.php on line 1309

2023-09-15T08:56:46+00:00 CRITICAL Uncaught TypeError: call_user_func_array(): Argument #1 ($callback) must be a valid callback, function "books_ref_page_callback" not found or invalid function name in /var/www/html/woocommerce/wp-includes/class-wp-hook.php:310
Stack trace:
#0 /var/www/html/woocommerce/wp-includes/class-wp-hook.php(334): WP_Hook->apply_filters()
#1 /var/www/html/woocommerce/wp-includes/plugin.php(517): WP_Hook->do_action()
#2 /var/www/html/woocommerce/wp-admin/admin.php(259): do_action()
#3 {main}
  thrown in /var/www/html/woocommerce/wp-includes/class-wp-hook.php on line 310

2023-09-15T08:57:49+00:00 CRITICAL Uncaught TypeError: call_user_func_array(): Argument #1 ($callback) must be a valid callback, function "books_ref_page_callback" not found or invalid function name in /var/www/html/woocommerce/wp-includes/class-wp-hook.php:310
Stack trace:
#0 /var/www/html/woocommerce/wp-includes/class-wp-hook.php(334): WP_Hook->apply_filters()
#1 /var/www/html/woocommerce/wp-includes/plugin.php(517): WP_Hook->do_action()
#2 /var/www/html/woocommerce/wp-admin/admin.php(259): do_action()
#3 {main}
  thrown in /var/www/html/woocommerce/wp-includes/class-wp-hook.php on line 310

2023-09-15T09:00:13+00:00 CRITICAL Uncaught TypeError: call_user_func_array(): Argument #1 ($callback) must be a valid callback, function "books_ref_page_callback" not found or invalid function name in /var/www/html/woocommerce/wp-includes/class-wp-hook.php:310
Stack trace:
#0 /var/www/html/woocommerce/wp-includes/class-wp-hook.php(334): WP_Hook->apply_filters()
#1 /var/www/html/woocommerce/wp-includes/plugin.php(517): WP_Hook->do_action()
#2 /var/www/html/woocommerce/wp-admin/admin.php(259): do_action()
#3 {main}
  thrown in /var/www/html/woocommerce/wp-includes/class-wp-hook.php on line 310

2023-09-15T09:16:13+00:00 CRITICAL Uncaught TypeError: call_user_func_array(): Argument #1 ($callback) must be a valid callback, function "view" not found or invalid function name in /var/www/html/woocommerce/wp-includes/class-wp-hook.php:310
Stack trace:
#0 /var/www/html/woocommerce/wp-includes/class-wp-hook.php(334): WP_Hook->apply_filters()
#1 /var/www/html/woocommerce/wp-includes/plugin.php(517): WP_Hook->do_action()
#2 /var/www/html/woocommerce/wp-admin/admin.php(259): do_action()
#3 {main}
  thrown in /var/www/html/woocommerce/wp-includes/class-wp-hook.php on line 310

2023-09-15T09:16:18+00:00 CRITICAL Uncaught TypeError: call_user_func_array(): Argument #1 ($callback) must be a valid callback, function "view" not found or invalid function name in /var/www/html/woocommerce/wp-includes/class-wp-hook.php:310
Stack trace:
#0 /var/www/html/woocommerce/wp-includes/class-wp-hook.php(334): WP_Hook->apply_filters()
#1 /var/www/html/woocommerce/wp-includes/plugin.php(517): WP_Hook->do_action()
#2 /var/www/html/woocommerce/wp-admin/admin.php(259): do_action()
#3 {main}
  thrown in /var/www/html/woocommerce/wp-includes/class-wp-hook.php on line 310

2023-09-15T09:16:23+00:00 CRITICAL Uncaught TypeError: call_user_func_array(): Argument #1 ($callback) must be a valid callback, function "view" not found or invalid function name in /var/www/html/woocommerce/wp-includes/class-wp-hook.php:310
Stack trace:
#0 /var/www/html/woocommerce/wp-includes/class-wp-hook.php(334): WP_Hook->apply_filters()
#1 /var/www/html/woocommerce/wp-includes/plugin.php(517): WP_Hook->do_action()
#2 /var/www/html/woocommerce/wp-admin/admin.php(259): do_action()
#3 {main}
  thrown in /var/www/html/woocommerce/wp-includes/class-wp-hook.php on line 310

2023-09-15T09:17:22+00:00 CRITICAL Uncaught TypeError: call_user_func_array(): Argument #1 ($callback) must be a valid callback, function "view" not found or invalid function name in /var/www/html/woocommerce/wp-includes/class-wp-hook.php:310
Stack trace:
#0 /var/www/html/woocommerce/wp-includes/class-wp-hook.php(334): WP_Hook->apply_filters()
#1 /var/www/html/woocommerce/wp-includes/plugin.php(517): WP_Hook->do_action()
#2 /var/www/html/woocommerce/wp-admin/admin.php(259): do_action()
#3 {main}
  thrown in /var/www/html/woocommerce/wp-includes/class-wp-hook.php on line 310

2023-09-15T09:23:52+00:00 CRITICAL Uncaught TypeError: call_user_func_array(): Argument #1 ($callback) must be a valid callback, function "view" not found or invalid function name in /var/www/html/woocommerce/wp-includes/class-wp-hook.php:310
Stack trace:
#0 /var/www/html/woocommerce/wp-includes/class-wp-hook.php(334): WP_Hook->apply_filters()
#1 /var/www/html/woocommerce/wp-includes/plugin.php(517): WP_Hook->do_action()
#2 /var/www/html/woocommerce/wp-admin/admin.php(259): do_action()
#3 {main}
  thrown in /var/www/html/woocommerce/wp-includes/class-wp-hook.php on line 310

2023-09-15T11:00:35+00:00 CRITICAL syntax error, unexpected token "}" in /var/www/html/woocommerce/wp-content/themes/Ecommerce/functions.php on line 392

2023-09-15T11:09:04+00:00 CRITICAL syntax error, unexpected identifier "PHP_SELF", expecting "," or ";" in /var/www/html/woocommerce/wp-content/themes/Ecommerce/functions.php on line 354

2023-09-15T11:10:04+00:00 CRITICAL syntax error, unexpected identifier "PHP_SELF", expecting "," or ";" in /var/www/html/woocommerce/wp-content/themes/Ecommerce/functions.php on line 354

2023-09-15T11:11:04+00:00 CRITICAL syntax error, unexpected identifier "PHP_SELF", expecting "," or ";" in /var/www/html/woocommerce/wp-content/themes/Ecommerce/functions.php on line 354

2023-09-15T11:13:05+00:00 CRITICAL syntax error, unexpected identifier "PHP_SELF", expecting "," or ";" in /var/www/html/woocommerce/wp-content/themes/Ecommerce/functions.php on line 354

2023-09-15T11:15:06+00:00 CRITICAL syntax error, unexpected identifier "PHP_SELF", expecting "," or ";" in /var/www/html/woocommerce/wp-content/themes/Ecommerce/functions.php on line 354

2023-09-15T11:17:07+00:00 CRITICAL syntax error, unexpected identifier "PHP_SELF", expecting "," or ";" in /var/www/html/woocommerce/wp-content/themes/Ecommerce/functions.php on line 354

2023-09-15T11:19:08+00:00 CRITICAL syntax error, unexpected identifier "PHP_SELF", expecting "," or ";" in /var/www/html/woocommerce/wp-content/themes/Ecommerce/functions.php on line 354

2023-09-15T11:50:24+00:00 CRITICAL syntax error, unexpected token "echo", expecting "," or ";" in /var/www/html/woocommerce/wp-content/themes/Ecommerce/functions.php on line 422

2023-09-15T11:51:24+00:00 CRITICAL syntax error, unexpected token "<" in /var/www/html/woocommerce/wp-content/themes/Ecommerce/functions.php on line 424

2023-09-15T11:52:24+00:00 CRITICAL syntax error, unexpected token "<" in /var/www/html/woocommerce/wp-content/themes/Ecommerce/functions.php on line 424

2023-09-15T12:00:28+00:00 CRITICAL syntax error, unexpected token "echo", expecting "," or ";" in /var/www/html/woocommerce/wp-content/themes/Ecommerce/functions.php on line 421

2023-09-15T12:00:50+00:00 CRITICAL syntax error, unexpected token "echo", expecting "," or ";" in /var/www/html/woocommerce/wp-content/themes/Ecommerce/functions.php on line 421

2023-09-15T12:02:51+00:00 CRITICAL syntax error, unexpected token "echo", expecting "," or ";" in /var/www/html/woocommerce/wp-content/themes/Ecommerce/functions.php on line 429

2023-09-15T12:30:14+00:00 CRITICAL syntax error, unexpected identifier "myfunction", expecting "," or ";" in /var/www/html/woocommerce/wp-content/themes/Ecommerce/functions.php on line 430

2023-09-15T12:47:41+00:00 CRITICAL syntax error, unexpected identifier "URL", expecting "," or ";" in /var/www/html/woocommerce/wp-content/themes/Ecommerce/functions.php on line 430

2023-09-15T12:47:45+00:00 CRITICAL syntax error, unexpected identifier "URL", expecting "," or ";" in /var/www/html/woocommerce/wp-content/themes/Ecommerce/functions.php on line 430

